<?xml version="1.0" encoding="UTF-8"?>
<!-- Generated by org.testng.reporters.JUnitReportReporter -->
<testsuite skipped="0" hostname="BDC4B-D-9XVJ882" name="com.tests.ReadWrite" tests="1" failures="0" timestamp="27 Jul 2018 05:55:05 GMT" time="9.821" errors="0">
  <testcase name="testLogin" time="9.821" classname="com.tests.ReadWrite"/>
</testsuite> <!-- com.tests.ReadWrite -->
