<?xml version="1.0" encoding="UTF-8"?>
<!-- Generated by org.testng.reporters.JUnitReportReporter -->
<testsuite skipped="0" hostname="BDC4B-D-9XVJ882" name="com.tests.NewTest" tests="3" failures="0" timestamp="26 Jul 2018 09:58:30 GMT" time="0.021" errors="0">
  <testcase name="testabc" time="0.004" classname="com.tests.NewTest"/>
  <testcase name="f" time="0.012" classname="com.tests.NewTest"/>
  <testcase name="Testabc" time="0.005" classname="com.tests.NewTest"/>
</testsuite> <!-- com.tests.NewTest -->
